<?xml version="1.0" encoding="utf-8"?><testsuites name="pytest tests"><testsuite name="pytest" errors="0" failures="0" skipped="0" tests="18" time="4.944" timestamp="2026-04-08T05:30:53.863217+00:00" hostname="agent-env-8fe50f16-9725-4988-bc4e-e54768809a6d"><testcase classname="backend.tests.test_iteration15_features.TestAuthentication" name="test_test_user_login" time="0.364" /><testcase classname="backend.tests.test_iteration15_features.TestNangoConnectSessionScopes" name="test_connect_session_creates_successfully" time="0.662" /><testcase classname="backend.tests.test_iteration15_features.TestNangoConnectSessionScopes" name="test_connect_session_for_google_analytics" time="0.305" /><testcase classname="backend.tests.test_iteration15_features.TestNangoConnectSessionScopes" name="test_connect_session_for_google_ads" time="0.308" /><testcase classname="backend.tests.test_iteration15_features.TestNangoConnectSessionScopes" name="test_connect_session_requires_auth" time="0.106" /><testcase classname="backend.tests.test_iteration15_features.TestChartThemeAPI" name="test_get_theme_returns_default_for_new_users" time="0.115" /><testcase classname="backend.tests.test_iteration15_features.TestChartThemeAPI" name="test_save_chart_theme_forest" time="0.108" /><testcase classname="backend.tests.test_iteration15_features.TestChartThemeAPI" name="test_get_theme_returns_saved_theme" time="0.238" /><testcase classname="backend.tests.test_iteration15_features.TestChartThemeAPI" name="test_save_all_theme_options" time="0.626" /><testcase classname="backend.tests.test_iteration15_features.TestChartThemeAPI" name="test_theme_requires_auth" time="0.202" /><testcase classname="backend.tests.test_iteration15_features.TestNotesAPI" name="test_create_note_for_bookmark" time="0.104" /><testcase classname="backend.tests.test_iteration15_features.TestNotesAPI" name="test_get_notes_returns_list" time="0.239" /><testcase classname="backend.tests.test_iteration15_features.TestNotesAPI" name="test_note_has_required_fields" time="0.209" /><testcase classname="backend.tests.test_iteration15_features.TestNotesAPI" name="test_notes_requires_auth" time="0.223" /><testcase classname="backend.tests.test_iteration15_features.TestNotesAPI" name="test_update_note" time="0.225" /><testcase classname="backend.tests.test_iteration15_features.TestNotesAPI" name="test_delete_note" time="0.199" /><testcase classname="backend.tests.test_iteration15_features.TestCleanup" name="test_cleanup_test_notes" time="0.536" /><testcase classname="backend.tests.test_iteration15_features.TestCleanup" name="test_reset_theme_to_default" time="0.100" /></testsuite></testsuites>