<?xml version="1.0" encoding="utf-8"?><testsuites name="pytest tests"><testsuite name="pytest" errors="0" failures="0" skipped="0" tests="12" time="5.688" timestamp="2026-03-16T06:38:23.489020+00:00" hostname="agent-env-2b2a014d-fa8a-4fd3-80fb-89df9b406c0e"><testcase classname="backend.tests.test_dashboard_redesign.TestDashboardSummary" name="test_dashboard_summary_returns_200" time="0.549" /><testcase classname="backend.tests.test_dashboard_redesign.TestDashboardSummary" name="test_dashboard_summary_has_workspaces_count" time="0.450" /><testcase classname="backend.tests.test_dashboard_redesign.TestDashboardSummary" name="test_dashboard_summary_has_total_files" time="0.441" /><testcase classname="backend.tests.test_dashboard_redesign.TestDashboardSummary" name="test_dashboard_summary_has_recent_files" time="0.470" /><testcase classname="backend.tests.test_dashboard_redesign.TestDashboardSummary" name="test_dashboard_summary_has_ai_queries" time="0.439" /><testcase classname="backend.tests.test_dashboard_redesign.TestDashboardSummary" name="test_dashboard_summary_has_activities" time="0.540" /><testcase classname="backend.tests.test_dashboard_redesign.TestDashboardSummary" name="test_activity_has_required_fields" time="0.443" /><testcase classname="backend.tests.test_dashboard_redesign.TestDashboardSummary" name="test_dashboard_summary_requires_auth" time="0.425" /><testcase classname="backend.tests.test_dashboard_redesign.TestDashboardSummary" name="test_dashboard_summary_values_match_expectations" time="0.424" /><testcase classname="backend.tests.test_dashboard_redesign.TestExistingEndpointsStillWork" name="test_workspaces_list_still_works" time="0.433" /><testcase classname="backend.tests.test_dashboard_redesign.TestExistingEndpointsStillWork" name="test_uploaded_files_still_works" time="0.551" /><testcase classname="backend.tests.test_dashboard_redesign.TestExistingEndpointsStillWork" name="test_current_user_still_works" time="0.431" /></testsuite></testsuites>