<?xml version="1.0" encoding="utf-8"?><testsuites name="pytest tests"><testsuite name="pytest" errors="0" failures="0" skipped="0" tests="21" time="8.632" timestamp="2026-03-11T13:24:27.493423+00:00" hostname="agent-env-91464368-fc24-4708-a59d-df7329803069"><testcase classname="backend.tests.test_analiyx_api.TestHealthCheck" name="test_api_root" time="0.191" /><testcase classname="backend.tests.test_analiyx_api.TestAuthLogin" name="test_admin_login_success" time="0.400" /><testcase classname="backend.tests.test_analiyx_api.TestAuthLogin" name="test_user_login_success" time="0.349" /><testcase classname="backend.tests.test_analiyx_api.TestAuthLogin" name="test_login_invalid_credentials" time="0.147" /><testcase classname="backend.tests.test_analiyx_api.TestAuthRegister" name="test_user_registration" time="0.345" /><testcase classname="backend.tests.test_analiyx_api.TestAuthRegister" name="test_duplicate_email_registration" time="0.122" /><testcase classname="backend.tests.test_analiyx_api.TestAuthMe" name="test_get_current_user" time="0.485" /><testcase classname="backend.tests.test_analiyx_api.TestAuthMe" name="test_get_current_user_no_auth" time="0.109" /><testcase classname="backend.tests.test_analiyx_api.TestAdminStats" name="test_admin_stats" time="0.469" /><testcase classname="backend.tests.test_analiyx_api.TestAdminStats" name="test_admin_stats_no_auth" time="0.148" /><testcase classname="backend.tests.test_analiyx_api.TestAdminStats" name="test_admin_stats_user_forbidden" time="0.453" /><testcase classname="backend.tests.test_analiyx_api.TestAdminUserManagement" name="test_get_all_users_details" time="0.468" /><testcase classname="backend.tests.test_analiyx_api.TestAdminUserManagement" name="test_admin_users_paginated" time="0.449" /><testcase classname="backend.tests.test_analiyx_api.TestAdminUserActions" name="test_update_user_status" time="0.700" /><testcase classname="backend.tests.test_analiyx_api.TestAdminUserActions" name="test_extend_trial" time="0.596" /><testcase classname="backend.tests.test_analiyx_api.TestAdminUserActions" name="test_add_credits" time="0.632" /><testcase classname="backend.tests.test_analiyx_api.TestAdminCharts" name="test_user_growth_chart" time="0.510" /><testcase classname="backend.tests.test_analiyx_api.TestAdminCharts" name="test_revenue_chart" time="0.470" /><testcase classname="backend.tests.test_analiyx_api.TestDataSourceUpload" name="test_upload_csv_file" time="0.513" /><testcase classname="backend.tests.test_analiyx_api.TestDataSourceUpload" name="test_get_uploaded_files" time="0.440" /><testcase classname="backend.tests.test_analiyx_api.TestDataSourceUpload" name="test_upload_invalid_file_type" time="0.455" /></testsuite></testsuites>