<?xml version="1.0" encoding="utf-8"?><testsuites name="pytest tests"><testsuite name="pytest" errors="0" failures="0" skipped="0" tests="11" time="8.055" timestamp="2026-04-08T04:46:40.090185+00:00" hostname="agent-env-7e6ef772-a030-4876-a7fb-4ab2e114b419"><testcase classname="backend.tests.test_google_ads_integration.TestGoogleAdsNotConnected" name="test_get_customers_returns_400_when_not_connected" time="0.584" /><testcase classname="backend.tests.test_google_ads_integration.TestGoogleAdsNotConnected" name="test_get_campaigns_returns_400_when_not_connected" time="0.581" /><testcase classname="backend.tests.test_google_ads_integration.TestGoogleAdsNotConnected" name="test_get_customers_requires_auth" time="0.538" /><testcase classname="backend.tests.test_google_ads_integration.TestGoogleAdsNotConnected" name="test_get_campaigns_requires_auth" time="0.547" /><testcase classname="backend.tests.test_google_ads_integration.TestNangoConnectSessionGoogleAds" name="test_connect_session_for_google_ads" time="0.635" /><testcase classname="backend.tests.test_google_ads_integration.TestNangoSaveGoogleAdsConnection" name="test_save_google_ads_connection" time="0.747" /><testcase classname="backend.tests.test_google_ads_integration.TestNangoGetConnections" name="test_get_connections_returns_list" time="0.423" /><testcase classname="backend.tests.test_google_ads_integration.TestAIChatCreditDeduction" name="test_ai_chat_deducts_credits" time="2.851" /><testcase classname="backend.tests.test_google_ads_integration.TestSettingsPageAPI" name="test_get_current_user" time="0.439" /><testcase classname="backend.tests.test_google_ads_integration.TestExistingCredentials" name="test_admin_login" time="0.319" /><testcase classname="backend.tests.test_google_ads_integration.TestExistingCredentials" name="test_test_user_login" time="0.325" /></testsuite></testsuites>