<?xml version="1.0" encoding="utf-8"?><testsuites name="pytest tests"><testsuite name="pytest" errors="0" failures="2" skipped="0" tests="38" time="14.276" timestamp="2026-03-13T08:39:20.148589+00:00" hostname="agent-env-91464368-fc24-4708-a59d-df7329803069"><testcase classname="test_analiyx_api.TestHealthCheck" name="test_api_root" time="0.148" /><testcase classname="test_analiyx_api.TestAuthLogin" name="test_admin_login_success" time="0.330" /><testcase classname="test_analiyx_api.TestAuthLogin" name="test_user_login_success" time="0.314" /><testcase classname="test_analiyx_api.TestAuthLogin" name="test_login_invalid_credentials" time="0.109" /><testcase classname="test_analiyx_api.TestAuthRegister" name="test_user_registration" time="0.325" /><testcase classname="test_analiyx_api.TestAuthRegister" name="test_duplicate_email_registration" time="0.106" /><testcase classname="test_analiyx_api.TestAuthMe" name="test_get_current_user" time="0.421" /><testcase classname="test_analiyx_api.TestAuthMe" name="test_get_current_user_no_auth" time="0.104" /><testcase classname="test_analiyx_api.TestAdminStats" name="test_admin_stats" time="0.425" /><testcase classname="test_analiyx_api.TestAdminStats" name="test_admin_stats_no_auth" time="0.106" /><testcase classname="test_analiyx_api.TestAdminStats" name="test_admin_stats_user_forbidden" time="0.430" /><testcase classname="test_analiyx_api.TestAdminUserManagement" name="test_get_all_users_details" time="0.455" /><testcase classname="test_analiyx_api.TestAdminUserManagement" name="test_admin_users_paginated" time="0.436" /><testcase classname="test_analiyx_api.TestAdminUserActions" name="test_update_user_status" time="0.645" /><testcase classname="test_analiyx_api.TestAdminUserActions" name="test_extend_trial" time="0.552" /><testcase classname="test_analiyx_api.TestAdminUserActions" name="test_add_credits" time="0.572" /><testcase classname="test_analiyx_api.TestAdminCharts" name="test_user_growth_chart" time="0.423" /><testcase classname="test_analiyx_api.TestAdminCharts" name="test_revenue_chart" time="0.427" /><testcase classname="test_analiyx_api.TestDataSourceUpload" name="test_upload_csv_file" time="0.468" /><testcase classname="test_analiyx_api.TestDataSourceUpload" name="test_get_uploaded_files" time="0.425" /><testcase classname="test_analiyx_api.TestDataSourceUpload" name="test_upload_invalid_file_type" time="0.429" /><testcase classname="test_new_features.TestContactAPI" name="test_contact_form_submission" time="0.112" /><testcase classname="test_new_features.TestContactAPI" name="test_contact_form_minimal" time="0.096" /><testcase classname="test_new_features.TestContactAPI" name="test_contact_form_invalid_email" time="0.098" /><testcase classname="test_new_features.TestWorkspacesAPI" name="test_create_workspace" time="0.430"><failure message="AssertionError: Workspace creation failed: {&quot;detail&quot;:&quot;Workspace limit reached (2) for your Starter plan. Please upgrade.&quot;}&#10;assert 400 == 200&#10; +  where 400 = &lt;Response [400]&gt;.status_code">test_new_features.py:87: in test_create_workspace
    assert response.status_code == 200, f"Workspace creation failed: {response.text}"
E   AssertionError: Workspace creation failed: {"detail":"Workspace limit reached (2) for your Starter plan. Please upgrade."}
E   assert 400 == 200
E    +  where 400 = &lt;Response [400]&gt;.status_code</failure></testcase><testcase classname="test_new_features.TestWorkspacesAPI" name="test_list_workspaces" time="0.433" /><testcase classname="test_new_features.TestWorkspacesAPI" name="test_create_workspace_no_auth" time="0.098" /><testcase classname="test_new_features.TestWorkspacesAPI" name="test_workspace_flow" time="0.418"><failure message="assert 400 == 200&#10; +  where 400 = &lt;Response [400]&gt;.status_code">test_new_features.py:135: in test_workspace_flow
    assert create_resp.status_code == 200
E   assert 400 == 200
E    +  where 400 = &lt;Response [400]&gt;.status_code</failure></testcase><testcase classname="test_new_features.TestSupportTicketsAPI" name="test_create_support_ticket" time="0.420" /><testcase classname="test_new_features.TestSupportTicketsAPI" name="test_get_user_tickets" time="0.422" /><testcase classname="test_new_features.TestSupportTicketsAPI" name="test_create_ticket_no_auth" time="0.105" /><testcase classname="test_new_features.TestSupportTicketsAPI" name="test_support_ticket_flow" time="0.545" /><testcase classname="test_new_features.TestAdminTrialExtension" name="test_extend_trial_7_days" time="0.545" /><testcase classname="test_new_features.TestAdminTrialExtension" name="test_extend_trial_custom_days" time="0.548" /><testcase classname="test_new_features.TestAdminTrialExtension" name="test_extend_trial_no_auth" time="0.524" /><testcase classname="test_new_features.TestAdminTrialExtension" name="test_extend_trial_user_forbidden" time="0.898" /><testcase classname="test_new_features.TestAdminRevenue" name="test_revenue_chart_data" time="0.421" /><testcase classname="test_new_features.TestAdminRevenue" name="test_admin_stats_revenue" time="0.416" /></testsuite></testsuites>