<?xml version="1.0" encoding="utf-8"?><testsuites name="pytest tests"><testsuite name="pytest" errors="0" failures="0" skipped="0" tests="13" time="65.450" timestamp="2026-04-01T11:25:13.186898+00:00" hostname="agent-env-7e6ef772-a030-4876-a7fb-4ab2e114b419"><testcase classname="backend.tests.test_iteration_12.TestUserRegistrationWithPhone" name="test_register_new_user_with_phone" time="0.839" /><testcase classname="backend.tests.test_iteration_12.TestLoginReturnsPhoneAndClientId" name="test_login_returns_phone_and_client_id" time="0.369" /><testcase classname="backend.tests.test_iteration_12.TestMeEndpointReturnsPhoneAndClientId" name="test_me_endpoint_returns_phone_and_client_id" time="0.432" /><testcase classname="backend.tests.test_iteration_12.TestAdminUsersDetailsWithPhoneAndClientId" name="test_admin_users_details_has_phone_and_client_id" time="0.450" /><testcase classname="backend.tests.test_iteration_12.TestCouponCRUD" name="test_create_coupon" time="0.424" /><testcase classname="backend.tests.test_iteration_12.TestCouponCRUD" name="test_list_coupons" time="0.444" /><testcase classname="backend.tests.test_iteration_12.TestCouponCRUD" name="test_toggle_coupon_status" time="0.701" /><testcase classname="backend.tests.test_iteration_12.TestCouponCRUD" name="test_delete_coupon" time="0.649" /><testcase classname="backend.tests.test_iteration_12.TestCouponValidation" name="test_validate_coupon_endpoint" time="0.418" /><testcase classname="backend.tests.test_iteration_12.TestCouponValidation" name="test_create_order_with_coupon" time="1.372" /><testcase classname="backend.tests.test_iteration_12.TestAIVisibilityDeepReport" name="test_ai_visibility_endpoint_accepts_request" time="58.452" /><testcase classname="backend.tests.test_iteration_12.TestExistingCredentials" name="test_admin_login" time="0.504" /><testcase classname="backend.tests.test_iteration_12.TestExistingCredentials" name="test_test_user_login" time="0.318" /></testsuite></testsuites>