<?xml version="1.0" encoding="utf-8"?><testsuites name="pytest tests"><testsuite name="pytest" errors="0" failures="0" skipped="0" tests="32" time="13.620" timestamp="2026-04-16T04:50:07.462716+00:00" hostname="agent-env-bc91bc1a-b416-4aa6-8263-7f8550d17f62"><testcase classname="tests.test_shopify_zoho_dashboards.TestShopifyDashboard" name="test_shopify_report_returns_200" time="0.623" /><testcase classname="tests.test_shopify_zoho_dashboards.TestShopifyDashboard" name="test_shopify_report_has_sample_data_flag" time="0.465" /><testcase classname="tests.test_shopify_zoho_dashboards.TestShopifyDashboard" name="test_shopify_report_has_store_name" time="0.460" /><testcase classname="tests.test_shopify_zoho_dashboards.TestShopifyDashboard" name="test_shopify_report_has_summary" time="0.422" /><testcase classname="tests.test_shopify_zoho_dashboards.TestShopifyDashboard" name="test_shopify_report_has_daily_performance" time="0.471" /><testcase classname="tests.test_shopify_zoho_dashboards.TestShopifyDashboard" name="test_shopify_report_has_top_products" time="0.437" /><testcase classname="tests.test_shopify_zoho_dashboards.TestShopifyDashboard" name="test_shopify_report_has_recent_orders" time="0.424" /><testcase classname="tests.test_shopify_zoho_dashboards.TestShopifyDashboard" name="test_shopify_report_has_traffic_sources" time="0.462" /><testcase classname="tests.test_shopify_zoho_dashboards.TestShopifyDashboard" name="test_shopify_report_requires_auth" time="0.442" /><testcase classname="tests.test_shopify_zoho_dashboards.TestZohoBooksReport" name="test_zoho_books_report_returns_200" time="0.457" /><testcase classname="tests.test_shopify_zoho_dashboards.TestZohoBooksReport" name="test_zoho_books_report_has_sample_data_flag" time="0.470" /><testcase classname="tests.test_shopify_zoho_dashboards.TestZohoBooksReport" name="test_zoho_books_report_has_module_books" time="0.443" /><testcase classname="tests.test_shopify_zoho_dashboards.TestZohoBooksReport" name="test_zoho_books_report_has_summary" time="0.463" /><testcase classname="tests.test_shopify_zoho_dashboards.TestZohoBooksReport" name="test_zoho_books_report_has_monthly_performance" time="0.433" /><testcase classname="tests.test_shopify_zoho_dashboards.TestZohoBooksReport" name="test_zoho_books_report_has_invoices" time="0.427" /><testcase classname="tests.test_shopify_zoho_dashboards.TestZohoBooksReport" name="test_zoho_books_report_has_expense_categories" time="0.420" /><testcase classname="tests.test_shopify_zoho_dashboards.TestZohoBooksReport" name="test_zoho_books_report_requires_auth" time="0.497" /><testcase classname="tests.test_shopify_zoho_dashboards.TestZohoCRMReport" name="test_zoho_crm_report_returns_200" time="0.447" /><testcase classname="tests.test_shopify_zoho_dashboards.TestZohoCRMReport" name="test_zoho_crm_report_has_sample_data_flag" time="0.438" /><testcase classname="tests.test_shopify_zoho_dashboards.TestZohoCRMReport" name="test_zoho_crm_report_has_module_crm" time="0.429" /><testcase classname="tests.test_shopify_zoho_dashboards.TestZohoCRMReport" name="test_zoho_crm_report_has_summary" time="0.425" /><testcase classname="tests.test_shopify_zoho_dashboards.TestZohoCRMReport" name="test_zoho_crm_report_has_pipeline_stages" time="0.424" /><testcase classname="tests.test_shopify_zoho_dashboards.TestZohoCRMReport" name="test_zoho_crm_report_has_recent_deals" time="0.455" /><testcase classname="tests.test_shopify_zoho_dashboards.TestZohoCRMReport" name="test_zoho_crm_report_has_monthly_deals" time="0.439" /><testcase classname="tests.test_shopify_zoho_dashboards.TestZohoCRMReport" name="test_zoho_crm_report_has_lead_sources" time="0.425" /><testcase classname="tests.test_shopify_zoho_dashboards.TestZohoCRMReport" name="test_zoho_crm_report_requires_auth" time="0.423" /><testcase classname="tests.test_shopify_zoho_dashboards.TestExistingDashboardEndpoints" name="test_google_analytics_report_returns_200" time="0.455" /><testcase classname="tests.test_shopify_zoho_dashboards.TestExistingDashboardEndpoints" name="test_google_ads_campaigns_returns_200" time="0.467" /><testcase classname="tests.test_shopify_zoho_dashboards.TestExistingDashboardEndpoints" name="test_meta_ads_report_returns_200" time="0.439" /><testcase classname="tests.test_shopify_zoho_dashboards.TestExistingDashboardEndpoints" name="test_google_sheets_report_returns_200" time="0.441" /><testcase classname="tests.test_shopify_zoho_dashboards.TestAPIContractsFile" name="test_api_contracts_file_exists" time="0.000" /><testcase classname="tests.test_shopify_zoho_dashboards.TestAPIContractsFile" name="test_api_contracts_documents_all_endpoints" time="0.000" /></testsuite></testsuites>