<?xml version="1.0" encoding="utf-8"?><testsuites name="pytest tests"><testsuite name="pytest" errors="0" failures="0" skipped="0" tests="14" time="11.699" timestamp="2026-03-21T05:14:10.658880+00:00" hostname="agent-env-08658a69-c440-4d14-88cf-ab74ac315aa9"><testcase classname="backend.tests.test_iteration_11.TestNewUserRegistration" name="test_register_new_user_trial_plan" time="0.460" /><testcase classname="backend.tests.test_iteration_11.TestDisabledUserLoginBlock" name="test_disable_user_then_login_blocked" time="1.152" /><testcase classname="backend.tests.test_iteration_11.TestSpamUserLoginBlock" name="test_spam_user_login_blocked" time="1.101" /><testcase classname="backend.tests.test_iteration_11.TestReactivateUser" name="test_reactivate_user_can_login" time="1.533" /><testcase classname="backend.tests.test_iteration_11.TestRazorpayOrderCreation" name="test_create_razorpay_order_starter" time="1.345" /><testcase classname="backend.tests.test_iteration_11.TestRazorpayOrderCreation" name="test_create_razorpay_order_business_pro" time="1.237" /><testcase classname="backend.tests.test_iteration_11.TestRazorpayVerifyEndpoint" name="test_verify_payment_endpoint_exists" time="0.423" /><testcase classname="backend.tests.test_iteration_11.TestAdminTicketManagement" name="test_admin_get_tickets" time="0.873" /><testcase classname="backend.tests.test_iteration_11.TestAdminTicketManagement" name="test_admin_reply_to_ticket" time="0.878" /><testcase classname="backend.tests.test_iteration_11.TestSubscriptionExtension" name="test_extend_subscription_12_months" time="0.564" /><testcase classname="backend.tests.test_iteration_11.TestUserExport" name="test_export_users_excel" time="0.895" /><testcase classname="backend.tests.test_iteration_11.TestUserExport" name="test_export_users_pdf" time="0.508" /><testcase classname="backend.tests.test_iteration_11.TestExistingUserLogin" name="test_admin_login" time="0.318" /><testcase classname="backend.tests.test_iteration_11.TestExistingUserLogin" name="test_regular_user_login" time="0.324" /></testsuite></testsuites>