<?xml version="1.0" encoding="utf-8"?><testsuites name="pytest tests"><testsuite name="pytest" errors="0" failures="0" skipped="0" tests="21" time="3.398" timestamp="2026-07-24T05:47:50.929278+00:00" hostname="agent-env-9c5a3369-816f-4795-a48a-1162d2460e60"><testcase classname="backend.tests.test_enterprise_data_engine.TestDatasourceConnect" name="test_connect_rejects_invalid_db_type" time="0.545" /><testcase classname="backend.tests.test_enterprise_data_engine.TestDatasourceConnect" name="test_connect_fails_on_unreachable_host" time="0.110" /><testcase classname="backend.tests.test_enterprise_data_engine.TestDatasourceConnect" name="test_connect_requires_auth" time="0.100" /><testcase classname="backend.tests.test_enterprise_data_engine.TestDatasourceConnect" name="test_list_datasources_returns_list" time="0.101" /><testcase classname="backend.tests.test_enterprise_data_engine.TestDatasourceConnect" name="test_test_nonexistent_datasource_returns_404" time="0.098" /><testcase classname="backend.tests.test_enterprise_data_engine.TestDatasourceConnect" name="test_delete_nonexistent_datasource_returns_404" time="0.100" /><testcase classname="backend.tests.test_enterprise_data_engine.TestDatasourceConnect" name="test_supported_types" time="0.098" /><testcase classname="backend.tests.test_enterprise_data_engine.TestQueryValidation" name="test_validate_select_ok" time="0.108" /><testcase classname="backend.tests.test_enterprise_data_engine.TestQueryValidation" name="test_validate_rejects_drop" time="0.091" /><testcase classname="backend.tests.test_enterprise_data_engine.TestQueryValidation" name="test_validate_rejects_delete" time="0.097" /><testcase classname="backend.tests.test_enterprise_data_engine.TestQueryValidation" name="test_validate_rejects_insert" time="0.108" /><testcase classname="backend.tests.test_enterprise_data_engine.TestQueryValidation" name="test_validate_warns_no_limit" time="0.099" /><testcase classname="backend.tests.test_enterprise_data_engine.TestQueryCacheAndHistory" name="test_cache_stats_connected" time="0.101" /><testcase classname="backend.tests.test_enterprise_data_engine.TestQueryCacheAndHistory" name="test_query_history" time="0.099" /><testcase classname="backend.tests.test_enterprise_data_engine.TestGlossaryCRUD" name="test_create_glossary_term_fields" time="0.209" /><testcase classname="backend.tests.test_enterprise_data_engine.TestGlossaryCRUD" name="test_list_glossary_terms" time="0.297" /><testcase classname="backend.tests.test_enterprise_data_engine.TestGlossaryCRUD" name="test_update_glossary_term" time="0.385" /><testcase classname="backend.tests.test_enterprise_data_engine.TestGlossaryCRUD" name="test_delete_glossary_term" time="0.295" /><testcase classname="backend.tests.test_enterprise_data_engine.TestGlossaryCRUD" name="test_glossary_requires_auth" time="0.097" /><testcase classname="backend.tests.test_enterprise_data_engine.TestMetadataJobs" name="test_list_jobs_returns_list" time="0.097" /><testcase classname="backend.tests.test_enterprise_data_engine.TestMetadataJobs" name="test_jobs_requires_auth" time="0.110" /></testsuite></testsuites>