<?xml version="1.0" encoding="utf-8"?><testsuites name="pytest tests"><testsuite name="pytest" errors="0" failures="2" skipped="0" tests="22" time="19.794" timestamp="2026-03-17T06:27:43.875546+00:00" hostname="agent-env-08658a69-c440-4d14-88cf-ab74ac315aa9"><testcase classname="backend.tests.test_iteration_10.TestAuth" name="test_login_success_regular_user" time="0.375" /><testcase classname="backend.tests.test_iteration_10.TestAuth" name="test_login_success_admin_user" time="0.329" /><testcase classname="backend.tests.test_iteration_10.TestAuth" name="test_login_invalid_credentials" time="0.110" /><testcase classname="backend.tests.test_iteration_10.TestAuth" name="test_get_current_user" time="0.423" /><testcase classname="backend.tests.test_iteration_10.TestAIVisibility" name="test_ai_visibility_analyze" time="10.201" /><testcase classname="backend.tests.test_iteration_10.TestAIVisibility" name="test_ai_visibility_requires_auth" time="0.118" /><testcase classname="backend.tests.test_iteration_10.TestAIVisibility" name="test_ai_visibility_history" time="0.446" /><testcase classname="backend.tests.test_iteration_10.TestPayments" name="test_create_payment_order_starter" time="0.831" /><testcase classname="backend.tests.test_iteration_10.TestPayments" name="test_create_payment_order_business_pro" time="0.770" /><testcase classname="backend.tests.test_iteration_10.TestPayments" name="test_create_payment_invalid_plan" time="0.436" /><testcase classname="backend.tests.test_iteration_10.TestPayments" name="test_payments_require_auth" time="0.101" /><testcase classname="backend.tests.test_iteration_10.TestAIChat" name="test_ai_chat_basic" time="0.421" /><testcase classname="backend.tests.test_iteration_10.TestAIChat" name="test_ai_chat_empty_query" time="0.439" /><testcase classname="backend.tests.test_iteration_10.TestAIChat" name="test_ai_chat_requires_auth" time="0.094" /><testcase classname="backend.tests.test_iteration_10.TestNotes" name="test_create_note" time="0.455" /><testcase classname="backend.tests.test_iteration_10.TestNotes" name="test_get_notes" time="0.432" /><testcase classname="backend.tests.test_iteration_10.TestNotes" name="test_update_and_delete_note" time="0.811" /><testcase classname="backend.tests.test_iteration_10.TestDashboard" name="test_dashboard_summary" time="0.450" /><testcase classname="backend.tests.test_iteration_10.TestWorkspaces" name="test_list_workspaces" time="0.445"><failure message="assert 404 == 200&#10; +  where 404 = &lt;Response [404]&gt;.status_code">backend/tests/test_iteration_10.py:297: in test_list_workspaces
    assert response.status_code == 200
E   assert 404 == 200
E    +  where 404 = &lt;Response [404]&gt;.status_code</failure></testcase><testcase classname="backend.tests.test_iteration_10.TestWorkspaces" name="test_create_and_delete_workspace" time="0.456"><failure message="Failed: Unexpected: 404 - {&quot;detail&quot;:&quot;Not Found&quot;}">backend/tests/test_iteration_10.py:323: in test_create_and_delete_workspace
    pytest.fail(f"Unexpected: {create_res.status_code} - {create_res.text}")
E   Failed: Unexpected: 404 - {"detail":"Not Found"}</failure></testcase><testcase classname="backend.tests.test_iteration_10.TestAdminEndpoints" name="test_admin_users_list" time="0.424" /><testcase classname="backend.tests.test_iteration_10.TestAdminEndpoints" name="test_admin_stats" time="1.094" /></testsuite></testsuites>