<?xml version="1.0" encoding="utf-8"?><testsuites name="pytest tests"><testsuite name="pytest" errors="0" failures="0" skipped="0" tests="18" time="11.855" timestamp="2026-04-08T04:35:54.058005+00:00" hostname="agent-env-7e6ef772-a030-4876-a7fb-4ab2e114b419"><testcase classname="backend.tests.test_nango_integration.TestNangoConnectSession" name="test_create_connect_session_returns_token" time="0.680" /><testcase classname="backend.tests.test_nango_integration.TestNangoConnectSession" name="test_create_connect_session_without_integrations" time="0.732" /><testcase classname="backend.tests.test_nango_integration.TestNangoConnectSession" name="test_connect_session_requires_auth" time="0.427" /><testcase classname="backend.tests.test_nango_integration.TestNangoSaveConnection" name="test_save_connection_success" time="0.564" /><testcase classname="backend.tests.test_nango_integration.TestNangoSaveConnection" name="test_save_connection_requires_auth" time="0.433" /><testcase classname="backend.tests.test_nango_integration.TestNangoGetConnections" name="test_get_connections_returns_list" time="0.475" /><testcase classname="backend.tests.test_nango_integration.TestNangoGetConnections" name="test_get_connections_after_save" time="0.805" /><testcase classname="backend.tests.test_nango_integration.TestNangoGetConnections" name="test_get_connections_requires_auth" time="0.465" /><testcase classname="backend.tests.test_nango_integration.TestNangoDeleteConnection" name="test_delete_connection_success" time="0.669" /><testcase classname="backend.tests.test_nango_integration.TestNangoDeleteConnection" name="test_delete_nonexistent_connection" time="0.445" /><testcase classname="backend.tests.test_nango_integration.TestNangoDeleteConnection" name="test_delete_connection_requires_auth" time="0.478" /><testcase classname="backend.tests.test_nango_integration.TestNangoProxy" name="test_proxy_endpoint_exists" time="0.643" /><testcase classname="backend.tests.test_nango_integration.TestNangoProxy" name="test_proxy_requires_auth" time="0.451" /><testcase classname="backend.tests.test_nango_integration.TestSettingsPage" name="test_get_current_user" time="0.451" /><testcase classname="backend.tests.test_nango_integration.TestSettingsPage" name="test_update_profile" time="0.545" /><testcase classname="backend.tests.test_nango_integration.TestAIChatCredits" name="test_ai_chat_deducts_credits" time="2.860" /><testcase classname="backend.tests.test_nango_integration.TestExistingCredentials" name="test_admin_login" time="0.334" /><testcase classname="backend.tests.test_nango_integration.TestExistingCredentials" name="test_test_user_login" time="0.334" /></testsuite></testsuites>