<?xml version="1.0" encoding="utf-8"?><testsuites name="pytest tests"><testsuite name="pytest" errors="0" failures="0" skipped="0" tests="12" time="6.181" timestamp="2026-04-08T06:51:41.939223+00:00" hostname="agent-env-8fe50f16-9725-4988-bc4e-e54768809a6d"><testcase classname="backend.tests.test_onboarding_feature.TestOnboardingStatus" name="test_1_login_includes_onboarding_completed_field" time="0.385" /><testcase classname="backend.tests.test_onboarding_feature.TestOnboardingStatus" name="test_2_get_onboarding_status_returns_completed_false" time="0.442" /><testcase classname="backend.tests.test_onboarding_feature.TestOnboardingStatus" name="test_3_onboarding_status_requires_auth" time="0.443" /><testcase classname="backend.tests.test_onboarding_feature.TestOnboardingSave" name="test_4_save_onboarding_business_flow" time="0.459" /><testcase classname="backend.tests.test_onboarding_feature.TestOnboardingSave" name="test_5_onboarding_status_returns_completed_true_after_save" time="0.433" /><testcase classname="backend.tests.test_onboarding_feature.TestOnboardingSave" name="test_6_login_shows_onboarding_completed_true" time="0.643" /><testcase classname="backend.tests.test_onboarding_feature.TestOnboardingSave" name="test_7_save_onboarding_requires_auth" time="0.444" /><testcase classname="backend.tests.test_onboarding_feature.TestOnboardingAdminEndpoint" name="test_8_admin_get_all_onboarding_data" time="0.741" /><testcase classname="backend.tests.test_onboarding_feature.TestOnboardingAdminEndpoint" name="test_9_admin_endpoint_requires_admin_role" time="0.868" /><testcase classname="backend.tests.test_onboarding_feature.TestOnboardingAdminEndpoint" name="test_10_admin_endpoint_requires_auth" time="0.772" /><testcase classname="backend.tests.test_onboarding_feature.TestAdminDashboardOnboardingData" name="test_11_admin_users_details_includes_onboarding_data" time="0.486" /><testcase classname="backend.tests.test_onboarding_feature.TestOnboardingCleanup" name="test_99_reset_test_user_onboarding" time="0.000" /></testsuite></testsuites>