<?xml version="1.0" encoding="utf-8"?><testsuites name="pytest tests"><testsuite name="pytest" errors="0" failures="0" skipped="0" tests="14" time="6.357" timestamp="2026-03-16T05:46:47.257427+00:00" hostname="agent-env-2b2a014d-fa8a-4fd3-80fb-89df9b406c0e"><testcase classname="tests.test_p0_fixes.TestCashfreePayment" name="test_create_order_starter_plan" time="0.997" /><testcase classname="tests.test_p0_fixes.TestCashfreePayment" name="test_create_order_business_pro_plan" time="0.771" /><testcase classname="tests.test_p0_fixes.TestCashfreePayment" name="test_create_order_invalid_plan" time="0.420" /><testcase classname="tests.test_p0_fixes.TestCashfreePayment" name="test_create_order_requires_auth" time="0.137" /><testcase classname="tests.test_p0_fixes.TestWorkspaceDeletion" name="test_create_and_delete_workspace" time="0.529" /><testcase classname="tests.test_p0_fixes.TestWorkspaceDeletion" name="test_delete_nonexistent_workspace" time="0.410" /><testcase classname="tests.test_p0_fixes.TestWorkspaceDeletion" name="test_delete_requires_auth" time="0.134" /><testcase classname="tests.test_p0_fixes.TestAdminDashboard" name="test_admin_stats_dashboard_tab" time="0.408" /><testcase classname="tests.test_p0_fixes.TestAdminDashboard" name="test_admin_users_tab" time="0.415" /><testcase classname="tests.test_p0_fixes.TestAdminDashboard" name="test_admin_revenue_chart" time="0.451" /><testcase classname="tests.test_p0_fixes.TestAdminDashboard" name="test_admin_user_growth_chart" time="0.415" /><testcase classname="tests.test_p0_fixes.TestUserLogin" name="test_user_login_success" time="0.362" /><testcase classname="tests.test_p0_fixes.TestUserLogin" name="test_admin_login_success" time="0.351" /><testcase classname="tests.test_p0_fixes.TestWorkspaceList" name="test_list_workspaces" time="0.435" /></testsuite></testsuites>