<?xml version="1.0" encoding="utf-8"?><testsuites name="pytest tests"><testsuite name="pytest" errors="0" failures="0" skipped="0" tests="14" time="18.144" timestamp="2026-03-13T08:52:44.121384+00:00" hostname="agent-env-91464368-fc24-4708-a59d-df7329803069"><testcase classname="tests.test_ai_visibility_payments.TestAIVisibilityAPI" name="test_analyze_url_simple_site" time="8.106" /><testcase classname="tests.test_ai_visibility_payments.TestAIVisibilityAPI" name="test_analyze_url_without_https" time="7.643" /><testcase classname="tests.test_ai_visibility_payments.TestAIVisibilityAPI" name="test_analyze_url_requires_auth" time="0.118" /><testcase classname="tests.test_ai_visibility_payments.TestAIVisibilityAPI" name="test_analyze_url_empty" time="0.109" /><testcase classname="tests.test_ai_visibility_payments.TestAIVisibilityAPI" name="test_get_analysis_history" time="0.099" /><testcase classname="tests.test_ai_visibility_payments.TestCashfreePaymentAPI" name="test_create_payment_order_starter" time="0.450" /><testcase classname="tests.test_ai_visibility_payments.TestCashfreePaymentAPI" name="test_create_payment_order_business_pro" time="0.399" /><testcase classname="tests.test_ai_visibility_payments.TestCashfreePaymentAPI" name="test_create_payment_order_invalid_plan" time="0.158" /><testcase classname="tests.test_ai_visibility_payments.TestCashfreePaymentAPI" name="test_create_payment_requires_auth" time="0.143" /><testcase classname="tests.test_ai_visibility_payments.TestPreviouslyWorkingFeatures" name="test_contact_form" time="0.098" /><testcase classname="tests.test_ai_visibility_payments.TestPreviouslyWorkingFeatures" name="test_admin_stats" time="0.449" /><testcase classname="tests.test_ai_visibility_payments.TestPreviouslyWorkingFeatures" name="test_workspaces_list" time="0.105" /><testcase classname="tests.test_ai_visibility_payments.TestPreviouslyWorkingFeatures" name="test_support_tickets_list" time="0.095" /><testcase classname="tests.test_ai_visibility_payments.TestPreviouslyWorkingFeatures" name="test_admin_user_management" time="0.117" /></testsuite></testsuites>