<?xml version="1.0" encoding="utf-8"?><testsuites name="pytest tests"><testsuite name="pytest" errors="0" failures="0" skipped="0" tests="17" time="18.630" timestamp="2026-03-16T06:21:18.773097+00:00" hostname="agent-env-2b2a014d-fa8a-4fd3-80fb-89df9b406c0e"><testcase classname="backend.tests.test_workspace_view_features.TestAuthAndBasics" name="test_user_login" time="0.401" /><testcase classname="backend.tests.test_workspace_view_features.TestAuthAndBasics" name="test_admin_login" time="0.832" /><testcase classname="backend.tests.test_workspace_view_features.TestWorkspaceList" name="test_list_workspaces" time="0.463" /><testcase classname="backend.tests.test_workspace_view_features.TestWorkspaceList" name="test_workspace_has_data_sources_array" time="0.245" /><testcase classname="backend.tests.test_workspace_view_features.TestAISearchWithWorkspace" name="test_ai_search_accepts_workspace_id" time="8.792" /><testcase classname="backend.tests.test_workspace_view_features.TestAISearchWithWorkspace" name="test_ai_search_without_workspace_id" time="5.871" /><testcase classname="backend.tests.test_workspace_view_features.TestAISearchWithWorkspace" name="test_ai_search_empty_query_rejected" time="0.123" /><testcase classname="backend.tests.test_workspace_view_features.TestAISearchWithWorkspace" name="test_ai_search_whitespace_query_rejected" time="0.111" /><testcase classname="backend.tests.test_workspace_view_features.TestAISearchWithWorkspace" name="test_ai_search_requires_auth" time="0.162" /><testcase classname="backend.tests.test_workspace_view_features.TestFileUploadWithWorkspace" name="test_upload_endpoint_accepts_workspace_id" time="0.199" /><testcase classname="backend.tests.test_workspace_view_features.TestFileUploadWithWorkspace" name="test_get_files_with_workspace_filter" time="0.157" /><testcase classname="backend.tests.test_workspace_view_features.TestFileUploadWithWorkspace" name="test_get_files_without_workspace_returns_all" time="0.102" /><testcase classname="backend.tests.test_workspace_view_features.TestWorkspaceCreateDelete" name="test_create_workspace" time="0.098" /><testcase classname="backend.tests.test_workspace_view_features.TestWorkspaceCreateDelete" name="test_delete_workspace" time="0.313" /><testcase classname="backend.tests.test_workspace_view_features.TestDataSourceLimits" name="test_get_limits" time="0.108" /><testcase classname="backend.tests.test_workspace_view_features.TestFileDetails" name="test_get_file_details" time="0.325" /><testcase classname="backend.tests.test_workspace_view_features.TestCleanup" name="test_cleanup_test_workspaces" time="0.216" /></testsuite></testsuites>