<?xml version="1.0" encoding="utf-8"?><testsuites name="pytest tests"><testsuite name="pytest" errors="0" failures="3" skipped="0" tests="12" time="21.706" timestamp="2026-03-16T06:59:29.570747+00:00" hostname="agent-env-2b2a014d-fa8a-4fd3-80fb-89df9b406c0e"><testcase classname="backend.tests.test_ai_chat_features.TestAIChatEndpoint" name="test_chat_basic_query" time="8.274" /><testcase classname="backend.tests.test_ai_chat_features.TestAIChatEndpoint" name="test_chat_with_session_id" time="6.271" /><testcase classname="backend.tests.test_ai_chat_features.TestAIChatEndpoint" name="test_chat_empty_query_rejected" time="0.051" /><testcase classname="backend.tests.test_ai_chat_features.TestAIChatEndpoint" name="test_chat_whitespace_query_rejected" time="0.050" /><testcase classname="backend.tests.test_ai_chat_features.TestAIChatEndpoint" name="test_chat_without_workspace_id" time="2.955" /><testcase classname="backend.tests.test_ai_chat_features.TestChatHistoryEndpoint" name="test_get_chat_history" time="0.054" /><testcase classname="backend.tests.test_ai_chat_features.TestChatHistoryEndpoint" name="test_chat_history_requires_auth" time="0.135"><failure message="AssertionError: Expected 401, got 403&#10;assert 403 == 401&#10; +  where 403 = &lt;Response [403]&gt;.status_code">backend/tests/test_ai_chat_features.py:155: in test_chat_history_requires_auth
    assert response.status_code == 401, f"Expected 401, got {response.status_code}"
E   AssertionError: Expected 401, got 403
E   assert 403 == 401
E    +  where 403 = &lt;Response [403]&gt;.status_code</failure></testcase><testcase classname="backend.tests.test_ai_chat_features.TestLegacySearchEndpoint" name="test_legacy_search_endpoint" time="3.426" /><testcase classname="backend.tests.test_ai_chat_features.TestChatAuthAndPermissions" name="test_chat_requires_auth" time="0.116"><failure message="AssertionError: Expected 401, got 403&#10;assert 403 == 401&#10; +  where 403 = &lt;Response [403]&gt;.status_code">backend/tests/test_ai_chat_features.py:191: in test_chat_requires_auth
    assert response.status_code == 401, f"Expected 401, got {response.status_code}"
E   AssertionError: Expected 401, got 403
E   assert 403 == 401
E    +  where 403 = &lt;Response [403]&gt;.status_code</failure></testcase><testcase classname="backend.tests.test_ai_chat_features.TestChatAuthAndPermissions" name="test_legacy_search_requires_auth" time="0.103"><failure message="AssertionError: Expected 401, got 403&#10;assert 403 == 401&#10; +  where 403 = &lt;Response [403]&gt;.status_code">backend/tests/test_ai_chat_features.py:201: in test_legacy_search_requires_auth
    assert response.status_code == 401, f"Expected 401, got {response.status_code}"
E   AssertionError: Expected 401, got 403
E   assert 403 == 401
E    +  where 403 = &lt;Response [403]&gt;.status_code</failure></testcase><testcase classname="backend.tests.test_ai_chat_features.TestChatEdgeCases" name="test_chat_with_invalid_workspace_id" time="0.050" /><testcase classname="backend.tests.test_ai_chat_features.TestChatEdgeCases" name="test_chat_history_with_invalid_workspace" time="0.058" /></testsuite></testsuites>