<?xml version="1.0" encoding="utf-8"?><testsuites name="pytest tests"><testsuite name="pytest" errors="0" failures="0" skipped="0" tests="14" time="14.397" timestamp="2026-03-17T05:40:06.548844+00:00" hostname="agent-env-2b2a014d-fa8a-4fd3-80fb-89df9b406c0e"><testcase classname="backend.tests.test_dashboard_charts.TestChartGeneration" name="test_generate_charts_for_file" time="0.469" /><testcase classname="backend.tests.test_dashboard_charts.TestChartGeneration" name="test_generate_charts_invalid_file" time="0.172" /><testcase classname="backend.tests.test_dashboard_charts.TestChartGeneration" name="test_generate_charts_requires_auth" time="0.099" /><testcase classname="backend.tests.test_dashboard_charts.TestNotesCRUD" name="test_create_note" time="0.110" /><testcase classname="backend.tests.test_dashboard_charts.TestNotesCRUD" name="test_get_notes" time="0.184" /><testcase classname="backend.tests.test_dashboard_charts.TestNotesCRUD" name="test_update_note" time="0.236" /><testcase classname="backend.tests.test_dashboard_charts.TestNotesCRUD" name="test_delete_note" time="0.247" /><testcase classname="backend.tests.test_dashboard_charts.TestNotesCRUD" name="test_delete_nonexistent_note" time="0.100" /><testcase classname="backend.tests.test_dashboard_charts.TestNotesCRUD" name="test_notes_requires_auth" time="0.196" /><testcase classname="backend.tests.test_dashboard_charts.TestReportsListing" name="test_get_reports" time="0.103" /><testcase classname="backend.tests.test_dashboard_charts.TestReportsListing" name="test_reports_requires_auth" time="0.107" /><testcase classname="backend.tests.test_dashboard_charts.TestDashboardAIChat" name="test_dashboard_ai_chat" time="9.585" /><testcase classname="backend.tests.test_dashboard_charts.TestDashboardAIChat" name="test_dashboard_ai_chat_multiturn" time="2.575" /><testcase classname="backend.tests.test_dashboard_charts.TestDashboardSummary" name="test_get_dashboard_summary" time="0.117" /></testsuite></testsuites>