<?xml version="1.0" encoding="utf-8"?><testsuites name="pytest tests"><testsuite name="pytest" errors="0" failures="0" skipped="0" tests="15" time="9.755" timestamp="2026-03-16T05:56:22.593903+00:00" hostname="agent-env-2b2a014d-fa8a-4fd3-80fb-89df9b406c0e"><testcase classname="backend.tests.test_p1p2_features.TestAISearch" name="test_ai_search_no_data_returns_helpful_message" time="4.453" /><testcase classname="backend.tests.test_p1p2_features.TestAISearch" name="test_ai_search_empty_query_returns_400" time="0.374" /><testcase classname="backend.tests.test_p1p2_features.TestAISearch" name="test_ai_search_whitespace_query_returns_400" time="0.391" /><testcase classname="backend.tests.test_p1p2_features.TestAISearch" name="test_ai_search_requires_auth" time="0.119" /><testcase classname="backend.tests.test_p1p2_features.TestAISearch" name="test_ai_search_with_data_query" time="0.388" /><testcase classname="backend.tests.test_p1p2_features.TestSlackIntegration" name="test_slack_status_not_connected" time="0.405" /><testcase classname="backend.tests.test_p1p2_features.TestSlackIntegration" name="test_slack_connect_invalid_token" time="0.620" /><testcase classname="backend.tests.test_p1p2_features.TestSlackIntegration" name="test_slack_channels_not_connected" time="0.388" /><testcase classname="backend.tests.test_p1p2_features.TestSlackIntegration" name="test_slack_send_not_connected" time="0.388" /><testcase classname="backend.tests.test_p1p2_features.TestSlackIntegration" name="test_slack_disconnect_not_connected" time="0.384" /><testcase classname="backend.tests.test_p1p2_features.TestSlackIntegration" name="test_slack_requires_auth" time="0.152" /><testcase classname="backend.tests.test_p1p2_features.TestAdminSlack" name="test_admin_slack_status" time="0.417" /><testcase classname="backend.tests.test_p1p2_features.TestWorkspaceDataSources" name="test_create_workspace_with_new_datasources" time="0.484" /><testcase classname="backend.tests.test_p1p2_features.TestUserAuthentication" name="test_user_login_returns_correct_fields" time="0.326" /><testcase classname="backend.tests.test_p1p2_features.TestUserAuthentication" name="test_admin_login_returns_admin_role" time="0.327" /></testsuite></testsuites>